[DEBUG}   com.banking.app.service.impl.EmployeeServiceImpl               in EmployeeServiceImpl employeeLogIn()                          Thu 12 November 2020 09:33:08 AM MST 
[DEBUG}   com.banking.app.dao.impl.CustomerDAOImpl               In EmployeeDAOImpl getEmployeeInfo()                          Thu 12 November 2020 09:33:08 AM MST 
[DEBUG}   com.banking.app.dao.impl.CustomerDAOImpl               employee found                          Thu 12 November 2020 09:33:09 AM MST 
[DEBUG}   com.banking.app.dao.impl.CustomerDAOImpl               In EmployeeDAOImpl getEmployeeInfo()                          Thu 12 November 2020 09:33:09 AM MST 
[DEBUG}   com.banking.app.dao.impl.CustomerDAOImpl               employee found                          Thu 12 November 2020 09:33:09 AM MST 
[DEBUG}   com.banking.app.service.impl.EmployeeServiceImpl               in EmployeeServiceImpl employeeLogIn()                          Thu 12 November 2020 09:33:09 AM MST 
[DEBUG}   com.banking.app.dao.impl.CustomerDAOImpl               In EmployeeDAOImpl getEmployeeInfo()                          Thu 12 November 2020 09:33:09 AM MST 
[DEBUG}   com.banking.app.dao.impl.CustomerDAOImpl               employee found                          Thu 12 November 2020 09:33:09 AM MST 
[DEBUG}   com.banking.app.dao.impl.CustomerDAOImpl               In EmployeeDAOImpl getEmployeeInfo()                          Thu 12 November 2020 09:33:09 AM MST 
[DEBUG}   com.banking.app.dao.impl.CustomerDAOImpl               employee found                          Thu 12 November 2020 09:33:09 AM MST 
[DEBUG}   com.banking.app.service.impl.EmployeeServiceImpl               in EmployeeServiceImpl employeeLogIn()                          Thu 12 November 2020 09:33:09 AM MST 
[DEBUG}   com.banking.app.dao.impl.CustomerDAOImpl               In EmployeeDAOImpl getEmployeeInfo()                          Thu 12 November 2020 09:33:09 AM MST 
[DEBUG}   com.banking.app.dao.impl.CustomerDAOImpl               employee found                          Thu 12 November 2020 09:33:09 AM MST 
[DEBUG}   com.banking.app.dao.impl.CustomerDAOImpl               In EmployeeDAOImpl getEmployeeInfo()                          Thu 12 November 2020 09:33:09 AM MST 
[DEBUG}   com.banking.app.dao.impl.CustomerDAOImpl               employee found                          Thu 12 November 2020 09:33:09 AM MST 
[DEBUG}   com.banking.app.service.impl.CustomerServiceImpl               in CustomerServiceImpl getAccount()                          Thu 12 November 2020 09:33:10 AM MST 
[DEBUG}   com.banking.app.dao.impl.CustomerDAOImpl               In CustomerDAOImpl getAccount()                          Thu 12 November 2020 09:33:10 AM MST 
[DEBUG}   com.banking.app.dao.impl.CustomerDAOImpl               account found                          Thu 12 November 2020 09:33:10 AM MST 
[DEBUG}   com.banking.app.dao.impl.CustomerDAOImpl               In CustomerDAOImpl getAccount()                          Thu 12 November 2020 09:33:10 AM MST 
[DEBUG}   com.banking.app.dao.impl.CustomerDAOImpl               account found                          Thu 12 November 2020 09:33:10 AM MST 
[DEBUG}   com.banking.app.dao.impl.CustomerDAOImpl               In CustomerDAOImpl getAccount()                          Thu 12 November 2020 09:33:10 AM MST 
[DEBUG}   com.banking.app.dao.impl.CustomerDAOImpl               account found                          Thu 12 November 2020 09:33:10 AM MST 
[DEBUG}   com.banking.app.service.impl.CustomerServiceImpl               in CustomerServiceImpl getAccount()                          Thu 12 November 2020 09:33:10 AM MST 
[DEBUG}   com.banking.app.dao.impl.CustomerDAOImpl               In CustomerDAOImpl getAccount()                          Thu 12 November 2020 09:33:10 AM MST 
[DEBUG}   com.banking.app.dao.impl.CustomerDAOImpl               account found                          Thu 12 November 2020 09:33:10 AM MST 
[DEBUG}   com.banking.app.dao.impl.CustomerDAOImpl               In CustomerDAOImpl getAccount()                          Thu 12 November 2020 09:33:10 AM MST 
[DEBUG}   com.banking.app.dao.impl.CustomerDAOImpl               account found                          Thu 12 November 2020 09:33:10 AM MST 
[DEBUG}   com.banking.app.dao.impl.CustomerDAOImpl               In CustomerDAOImpl getAccount()                          Thu 12 November 2020 09:33:10 AM MST 
[DEBUG}   com.banking.app.dao.impl.CustomerDAOImpl               account found                          Thu 12 November 2020 09:33:10 AM MST 
[DEBUG}   com.banking.app.service.impl.CustomerServiceImpl               in CustomerServiceImpl customerLogIn()                          Thu 12 November 2020 09:33:10 AM MST 
[DEBUG}   com.banking.app.dao.impl.CustomerDAOImpl               In CustomerDAOImpl getCustomerInfo()                          Thu 12 November 2020 09:33:10 AM MST 
[DEBUG}   com.banking.app.dao.impl.CustomerDAOImpl               customer found                          Thu 12 November 2020 09:33:10 AM MST 
[DEBUG}   com.banking.app.dao.impl.CustomerDAOImpl               In CustomerDAOImpl getCustomerInfo()                          Thu 12 November 2020 09:33:10 AM MST 
[DEBUG}   com.banking.app.dao.impl.CustomerDAOImpl               customer found                          Thu 12 November 2020 09:33:10 AM MST 
[DEBUG}   com.banking.app.dao.impl.CustomerDAOImpl               In CustomerDAOImpl getAccount()                          Thu 12 November 2020 09:33:10 AM MST 
[DEBUG}   com.banking.app.dao.impl.CustomerDAOImpl               account found                          Thu 12 November 2020 09:33:10 AM MST 
[DEBUG}   com.banking.app.dao.impl.CustomerDAOImpl               In CustomerDAOImpl updateAccountBalance()                          Thu 12 November 2020 09:33:10 AM MST 
[INFO}   com.banking.app.service.impl.CustomerServiceImpl               $25.0 was deposited successfully.                          Thu 12 November 2020 09:33:10 AM MST 
[DEBUG}   com.banking.app.dao.impl.CustomerDAOImpl               In CustomerDAOImpl getAccount()                          Thu 12 November 2020 09:33:10 AM MST 
[DEBUG}   com.banking.app.dao.impl.CustomerDAOImpl               account found                          Thu 12 November 2020 09:33:10 AM MST 
[DEBUG}   com.banking.app.dao.impl.CustomerDAOImpl               In CustomerDAOImpl updateAccountBalance()                          Thu 12 November 2020 09:33:10 AM MST 
[INFO}   com.banking.app.service.impl.CustomerServiceImpl               Okay, here is $25.0.                          Thu 12 November 2020 09:33:10 AM MST 
[DEBUG}   com.banking.app.service.impl.CustomerServiceImpl               in CustomerServiceImpl getAccount()                          Thu 12 November 2020 09:33:10 AM MST 
[DEBUG}   com.banking.app.dao.impl.CustomerDAOImpl               In CustomerDAOImpl getAccount()                          Thu 12 November 2020 09:33:10 AM MST 
[DEBUG}   com.banking.app.dao.impl.CustomerDAOImpl               account found                          Thu 12 November 2020 09:33:10 AM MST 
[DEBUG}   com.banking.app.dao.impl.CustomerDAOImpl               In CustomerDAOImpl getAccount()                          Thu 12 November 2020 09:33:10 AM MST 
[DEBUG}   com.banking.app.dao.impl.CustomerDAOImpl               account found                          Thu 12 November 2020 09:33:10 AM MST 
[DEBUG}   com.banking.app.dao.impl.CustomerDAOImpl               In CustomerDAOImpl getAccount()                          Thu 12 November 2020 09:33:10 AM MST 
[DEBUG}   com.banking.app.dao.impl.CustomerDAOImpl               account found                          Thu 12 November 2020 09:33:10 AM MST 
[DEBUG}   com.banking.app.service.impl.CustomerServiceImpl               in CustomerServiceImpl getAccount()                          Thu 12 November 2020 09:33:10 AM MST 
[DEBUG}   com.banking.app.dao.impl.CustomerDAOImpl               In CustomerDAOImpl getAccount()                          Thu 12 November 2020 09:33:10 AM MST 
[DEBUG}   com.banking.app.dao.impl.CustomerDAOImpl               account found                          Thu 12 November 2020 09:33:10 AM MST 
[DEBUG}   com.banking.app.dao.impl.CustomerDAOImpl               In CustomerDAOImpl getAccount()                          Thu 12 November 2020 09:33:10 AM MST 
[DEBUG}   com.banking.app.dao.impl.CustomerDAOImpl               account found                          Thu 12 November 2020 09:33:10 AM MST 
[DEBUG}   com.banking.app.dao.impl.CustomerDAOImpl               In CustomerDAOImpl getAccount()                          Thu 12 November 2020 09:33:10 AM MST 
[DEBUG}   com.banking.app.dao.impl.CustomerDAOImpl               account found                          Thu 12 November 2020 09:33:10 AM MST 
[DEBUG}   com.banking.app.dao.impl.CustomerDAOImpl               In CustomerDAOImpl getAccount()                          Thu 12 November 2020 09:33:10 AM MST 
[DEBUG}   com.banking.app.dao.impl.CustomerDAOImpl               account found                          Thu 12 November 2020 09:33:10 AM MST 
[DEBUG}   com.banking.app.dao.impl.CustomerDAOImpl               In CustomerDAOImpl getAccountById()                          Thu 12 November 2020 09:33:10 AM MST 
[DEBUG}   com.banking.app.dao.impl.CustomerDAOImpl               In CustomerDAOImpl updateAccountBalance()                          Thu 12 November 2020 09:33:10 AM MST 
[DEBUG}   com.banking.app.dao.impl.CustomerDAOImpl               In CustomerDAOImpl updateAccountBalance()                          Thu 12 November 2020 09:33:10 AM MST 
[INFO}   com.banking.app.service.impl.CustomerServiceImpl               $30.0 was transferred successully.                          Thu 12 November 2020 09:33:10 AM MST 
[DEBUG}   com.banking.app.dao.impl.CustomerDAOImpl               In CustomerDAOImpl getAccount()                          Thu 12 November 2020 09:33:10 AM MST 
[DEBUG}   com.banking.app.dao.impl.CustomerDAOImpl               account found                          Thu 12 November 2020 09:33:10 AM MST 
[DEBUG}   com.banking.app.dao.impl.CustomerDAOImpl               In CustomerDAOImpl updateAccountBalance()                          Thu 12 November 2020 09:33:10 AM MST 
[INFO}   com.banking.app.service.impl.CustomerServiceImpl               $30.0 was deposited successfully.                          Thu 12 November 2020 09:33:10 AM MST 
[DEBUG}   com.banking.app.dao.impl.CustomerDAOImpl               In CustomerDAOImpl getAccount()                          Thu 12 November 2020 09:33:10 AM MST 
[DEBUG}   com.banking.app.dao.impl.CustomerDAOImpl               account found                          Thu 12 November 2020 09:33:10 AM MST 
[DEBUG}   com.banking.app.dao.impl.CustomerDAOImpl               In CustomerDAOImpl updateAccountBalance()                          Thu 12 November 2020 09:33:10 AM MST 
[INFO}   com.banking.app.service.impl.CustomerServiceImpl               Okay, here is $30.0.                          Thu 12 November 2020 09:33:10 AM MST 
[DEBUG}   com.banking.app.service.impl.CustomerServiceImpl               in CustomerServiceImpl getAccount()                          Thu 12 November 2020 09:33:10 AM MST 
[DEBUG}   com.banking.app.dao.impl.CustomerDAOImpl               In CustomerDAOImpl getAccount()                          Thu 12 November 2020 09:33:10 AM MST 
[DEBUG}   com.banking.app.dao.impl.CustomerDAOImpl               account found                          Thu 12 November 2020 09:33:10 AM MST 
[DEBUG}   com.banking.app.dao.impl.CustomerDAOImpl               In CustomerDAOImpl getAccount()                          Thu 12 November 2020 09:33:10 AM MST 
[DEBUG}   com.banking.app.dao.impl.CustomerDAOImpl               account found                          Thu 12 November 2020 09:33:10 AM MST 
[DEBUG}   com.banking.app.dao.impl.CustomerDAOImpl               In CustomerDAOImpl getAccount()                          Thu 12 November 2020 09:33:10 AM MST 
[DEBUG}   com.banking.app.dao.impl.CustomerDAOImpl               account found                          Thu 12 November 2020 09:33:10 AM MST 
[DEBUG}   com.banking.app.service.impl.CustomerServiceImpl               in CustomerServiceImpl getAccount()                          Thu 12 November 2020 09:33:10 AM MST 
[DEBUG}   com.banking.app.dao.impl.CustomerDAOImpl               In CustomerDAOImpl getAccount()                          Thu 12 November 2020 09:33:10 AM MST 
[DEBUG}   com.banking.app.dao.impl.CustomerDAOImpl               account found                          Thu 12 November 2020 09:33:10 AM MST 
[DEBUG}   com.banking.app.dao.impl.CustomerDAOImpl               In CustomerDAOImpl getAccount()                          Thu 12 November 2020 09:33:10 AM MST 
[DEBUG}   com.banking.app.dao.impl.CustomerDAOImpl               account found                          Thu 12 November 2020 09:33:10 AM MST 
[DEBUG}   com.banking.app.dao.impl.CustomerDAOImpl               In CustomerDAOImpl getAccount()                          Thu 12 November 2020 09:33:10 AM MST 
[DEBUG}   com.banking.app.dao.impl.CustomerDAOImpl               account found                          Thu 12 November 2020 09:33:10 AM MST 
[DEBUG}   com.banking.app.service.impl.CustomerServiceImpl               in CustomerServiceImpl getAccountById()                          Thu 12 November 2020 09:33:10 AM MST 
[DEBUG}   com.banking.app.dao.impl.CustomerDAOImpl               In CustomerDAOImpl getAccountById()                          Thu 12 November 2020 09:33:10 AM MST 
[DEBUG}   com.banking.app.dao.impl.CustomerDAOImpl               In CustomerDAOImpl getAccountById()                          Thu 12 November 2020 09:33:10 AM MST 
[DEBUG}   com.banking.app.dao.impl.CustomerDAOImpl               In CustomerDAOImpl getAccountById()                          Thu 12 November 2020 09:33:10 AM MST 
[DEBUG}   com.banking.app.service.impl.CustomerServiceImpl               in CustomerServiceImpl customerLogIn()                          Thu 12 November 2020 09:33:10 AM MST 
[DEBUG}   com.banking.app.dao.impl.CustomerDAOImpl               In CustomerDAOImpl getCustomerInfo()                          Thu 12 November 2020 09:33:10 AM MST 
[DEBUG}   com.banking.app.dao.impl.CustomerDAOImpl               customer found                          Thu 12 November 2020 09:33:10 AM MST 
[DEBUG}   com.banking.app.dao.impl.CustomerDAOImpl               In CustomerDAOImpl getCustomerInfo()                          Thu 12 November 2020 09:33:10 AM MST 
[DEBUG}   com.banking.app.dao.impl.CustomerDAOImpl               customer found                          Thu 12 November 2020 09:33:10 AM MST 
[DEBUG}   com.banking.app.service.impl.CustomerServiceImpl               in CustomerServiceImpl customerLogIn()                          Thu 12 November 2020 09:33:10 AM MST 
[DEBUG}   com.banking.app.dao.impl.CustomerDAOImpl               In CustomerDAOImpl getCustomerInfo()                          Thu 12 November 2020 09:33:10 AM MST 
[DEBUG}   com.banking.app.dao.impl.CustomerDAOImpl               customer found                          Thu 12 November 2020 09:33:10 AM MST 
[DEBUG}   com.banking.app.dao.impl.CustomerDAOImpl               In CustomerDAOImpl getCustomerInfo()                          Thu 12 November 2020 09:33:10 AM MST 
[DEBUG}   com.banking.app.dao.impl.CustomerDAOImpl               customer found                          Thu 12 November 2020 09:33:10 AM MST 
[DEBUG}   com.banking.app.service.impl.CustomerServiceImpl               in CustomerServiceImpl getAccount()                          Thu 12 November 2020 09:33:36 AM MST 
[DEBUG}   com.banking.app.dao.impl.CustomerDAOImpl               In CustomerDAOImpl getAccount()                          Thu 12 November 2020 09:33:36 AM MST 
[DEBUG}   com.banking.app.dao.impl.CustomerDAOImpl               account found                          Thu 12 November 2020 09:33:36 AM MST 
[DEBUG}   com.banking.app.dao.impl.CustomerDAOImpl               In CustomerDAOImpl getAccount()                          Thu 12 November 2020 09:33:36 AM MST 
[DEBUG}   com.banking.app.dao.impl.CustomerDAOImpl               account found                          Thu 12 November 2020 09:33:36 AM MST 
[DEBUG}   com.banking.app.dao.impl.CustomerDAOImpl               In CustomerDAOImpl getAccount()                          Thu 12 November 2020 09:33:36 AM MST 
[DEBUG}   com.banking.app.dao.impl.CustomerDAOImpl               account found                          Thu 12 November 2020 09:33:36 AM MST 
[DEBUG}   com.banking.app.service.impl.CustomerServiceImpl               in CustomerServiceImpl getAccount()                          Thu 12 November 2020 09:33:36 AM MST 
[DEBUG}   com.banking.app.dao.impl.CustomerDAOImpl               In CustomerDAOImpl getAccount()                          Thu 12 November 2020 09:33:36 AM MST 
[DEBUG}   com.banking.app.dao.impl.CustomerDAOImpl               account found                          Thu 12 November 2020 09:33:36 AM MST 
[DEBUG}   com.banking.app.dao.impl.CustomerDAOImpl               In CustomerDAOImpl getAccount()                          Thu 12 November 2020 09:33:36 AM MST 
[DEBUG}   com.banking.app.dao.impl.CustomerDAOImpl               account found                          Thu 12 November 2020 09:33:36 AM MST 
[DEBUG}   com.banking.app.dao.impl.CustomerDAOImpl               In CustomerDAOImpl getAccount()                          Thu 12 November 2020 09:33:36 AM MST 
[DEBUG}   com.banking.app.dao.impl.CustomerDAOImpl               account found                          Thu 12 November 2020 09:33:36 AM MST 
[DEBUG}   com.banking.app.service.impl.CustomerServiceImpl               in CustomerServiceImpl customerLogIn()                          Thu 12 November 2020 09:33:36 AM MST 
[DEBUG}   com.banking.app.dao.impl.CustomerDAOImpl               In CustomerDAOImpl getCustomerInfo()                          Thu 12 November 2020 09:33:36 AM MST 
[DEBUG}   com.banking.app.dao.impl.CustomerDAOImpl               customer found                          Thu 12 November 2020 09:33:36 AM MST 
[DEBUG}   com.banking.app.dao.impl.CustomerDAOImpl               In CustomerDAOImpl getCustomerInfo()                          Thu 12 November 2020 09:33:36 AM MST 
[DEBUG}   com.banking.app.dao.impl.CustomerDAOImpl               customer found                          Thu 12 November 2020 09:33:36 AM MST 
[DEBUG}   com.banking.app.dao.impl.CustomerDAOImpl               In CustomerDAOImpl getAccount()                          Thu 12 November 2020 09:33:36 AM MST 
[DEBUG}   com.banking.app.dao.impl.CustomerDAOImpl               account found                          Thu 12 November 2020 09:33:36 AM MST 
[DEBUG}   com.banking.app.dao.impl.CustomerDAOImpl               In CustomerDAOImpl updateAccountBalance()                          Thu 12 November 2020 09:33:36 AM MST 
[INFO}   com.banking.app.service.impl.CustomerServiceImpl               $25.0 was deposited successfully.                          Thu 12 November 2020 09:33:36 AM MST 
[DEBUG}   com.banking.app.dao.impl.CustomerDAOImpl               In CustomerDAOImpl getAccount()                          Thu 12 November 2020 09:33:36 AM MST 
[DEBUG}   com.banking.app.dao.impl.CustomerDAOImpl               account found                          Thu 12 November 2020 09:33:36 AM MST 
[DEBUG}   com.banking.app.dao.impl.CustomerDAOImpl               In CustomerDAOImpl updateAccountBalance()                          Thu 12 November 2020 09:33:36 AM MST 
[INFO}   com.banking.app.service.impl.CustomerServiceImpl               Okay, here is $25.0.                          Thu 12 November 2020 09:33:36 AM MST 
[DEBUG}   com.banking.app.service.impl.CustomerServiceImpl               in CustomerServiceImpl getAccount()                          Thu 12 November 2020 09:33:36 AM MST 
[DEBUG}   com.banking.app.dao.impl.CustomerDAOImpl               In CustomerDAOImpl getAccount()                          Thu 12 November 2020 09:33:36 AM MST 
[DEBUG}   com.banking.app.dao.impl.CustomerDAOImpl               account found                          Thu 12 November 2020 09:33:36 AM MST 
[DEBUG}   com.banking.app.dao.impl.CustomerDAOImpl               In CustomerDAOImpl getAccount()                          Thu 12 November 2020 09:33:36 AM MST 
[DEBUG}   com.banking.app.dao.impl.CustomerDAOImpl               account found                          Thu 12 November 2020 09:33:36 AM MST 
[DEBUG}   com.banking.app.dao.impl.CustomerDAOImpl               In CustomerDAOImpl getAccount()                          Thu 12 November 2020 09:33:36 AM MST 
[DEBUG}   com.banking.app.dao.impl.CustomerDAOImpl               account found                          Thu 12 November 2020 09:33:36 AM MST 
[DEBUG}   com.banking.app.service.impl.CustomerServiceImpl               in CustomerServiceImpl getAccount()                          Thu 12 November 2020 09:33:36 AM MST 
[DEBUG}   com.banking.app.dao.impl.CustomerDAOImpl               In CustomerDAOImpl getAccount()                          Thu 12 November 2020 09:33:36 AM MST 
[DEBUG}   com.banking.app.dao.impl.CustomerDAOImpl               account found                          Thu 12 November 2020 09:33:36 AM MST 
[DEBUG}   com.banking.app.dao.impl.CustomerDAOImpl               In CustomerDAOImpl getAccount()                          Thu 12 November 2020 09:33:36 AM MST 
[DEBUG}   com.banking.app.dao.impl.CustomerDAOImpl               account found                          Thu 12 November 2020 09:33:36 AM MST 
[DEBUG}   com.banking.app.dao.impl.CustomerDAOImpl               In CustomerDAOImpl getAccount()                          Thu 12 November 2020 09:33:36 AM MST 
[DEBUG}   com.banking.app.dao.impl.CustomerDAOImpl               account found                          Thu 12 November 2020 09:33:36 AM MST 
[DEBUG}   com.banking.app.dao.impl.CustomerDAOImpl               In CustomerDAOImpl getAccount()                          Thu 12 November 2020 09:33:36 AM MST 
[DEBUG}   com.banking.app.dao.impl.CustomerDAOImpl               account found                          Thu 12 November 2020 09:33:36 AM MST 
[DEBUG}   com.banking.app.dao.impl.CustomerDAOImpl               In CustomerDAOImpl getAccountById()                          Thu 12 November 2020 09:33:36 AM MST 
[DEBUG}   com.banking.app.dao.impl.CustomerDAOImpl               In CustomerDAOImpl updateAccountBalance()                          Thu 12 November 2020 09:33:36 AM MST 
[DEBUG}   com.banking.app.dao.impl.CustomerDAOImpl               In CustomerDAOImpl updateAccountBalance()                          Thu 12 November 2020 09:33:36 AM MST 
[INFO}   com.banking.app.service.impl.CustomerServiceImpl               $30.0 was transferred successully.                          Thu 12 November 2020 09:33:36 AM MST 
[DEBUG}   com.banking.app.dao.impl.CustomerDAOImpl               In CustomerDAOImpl getAccount()                          Thu 12 November 2020 09:33:36 AM MST 
[DEBUG}   com.banking.app.dao.impl.CustomerDAOImpl               account found                          Thu 12 November 2020 09:33:36 AM MST 
[DEBUG}   com.banking.app.dao.impl.CustomerDAOImpl               In CustomerDAOImpl updateAccountBalance()                          Thu 12 November 2020 09:33:36 AM MST 
[INFO}   com.banking.app.service.impl.CustomerServiceImpl               $30.0 was deposited successfully.                          Thu 12 November 2020 09:33:36 AM MST 
[DEBUG}   com.banking.app.dao.impl.CustomerDAOImpl               In CustomerDAOImpl getAccount()                          Thu 12 November 2020 09:33:36 AM MST 
[DEBUG}   com.banking.app.dao.impl.CustomerDAOImpl               account found                          Thu 12 November 2020 09:33:36 AM MST 
[DEBUG}   com.banking.app.dao.impl.CustomerDAOImpl               In CustomerDAOImpl updateAccountBalance()                          Thu 12 November 2020 09:33:36 AM MST 
[INFO}   com.banking.app.service.impl.CustomerServiceImpl               Okay, here is $30.0.                          Thu 12 November 2020 09:33:36 AM MST 
[DEBUG}   com.banking.app.service.impl.CustomerServiceImpl               in CustomerServiceImpl getAccount()                          Thu 12 November 2020 09:33:36 AM MST 
[DEBUG}   com.banking.app.dao.impl.CustomerDAOImpl               In CustomerDAOImpl getAccount()                          Thu 12 November 2020 09:33:36 AM MST 
[DEBUG}   com.banking.app.dao.impl.CustomerDAOImpl               account found                          Thu 12 November 2020 09:33:36 AM MST 
[DEBUG}   com.banking.app.dao.impl.CustomerDAOImpl               In CustomerDAOImpl getAccount()                          Thu 12 November 2020 09:33:36 AM MST 
[DEBUG}   com.banking.app.dao.impl.CustomerDAOImpl               account found                          Thu 12 November 2020 09:33:36 AM MST 
[DEBUG}   com.banking.app.dao.impl.CustomerDAOImpl               In CustomerDAOImpl getAccount()                          Thu 12 November 2020 09:33:36 AM MST 
[DEBUG}   com.banking.app.dao.impl.CustomerDAOImpl               account found                          Thu 12 November 2020 09:33:37 AM MST 
[DEBUG}   com.banking.app.service.impl.CustomerServiceImpl               in CustomerServiceImpl getAccount()                          Thu 12 November 2020 09:33:37 AM MST 
[DEBUG}   com.banking.app.dao.impl.CustomerDAOImpl               In CustomerDAOImpl getAccount()                          Thu 12 November 2020 09:33:37 AM MST 
[DEBUG}   com.banking.app.dao.impl.CustomerDAOImpl               account found                          Thu 12 November 2020 09:33:37 AM MST 
[DEBUG}   com.banking.app.dao.impl.CustomerDAOImpl               In CustomerDAOImpl getAccount()                          Thu 12 November 2020 09:33:37 AM MST 
[DEBUG}   com.banking.app.dao.impl.CustomerDAOImpl               account found                          Thu 12 November 2020 09:33:37 AM MST 
[DEBUG}   com.banking.app.dao.impl.CustomerDAOImpl               In CustomerDAOImpl getAccount()                          Thu 12 November 2020 09:33:37 AM MST 
[DEBUG}   com.banking.app.dao.impl.CustomerDAOImpl               account found                          Thu 12 November 2020 09:33:37 AM MST 
[DEBUG}   com.banking.app.service.impl.CustomerServiceImpl               in CustomerServiceImpl getAccountById()                          Thu 12 November 2020 09:33:37 AM MST 
[DEBUG}   com.banking.app.dao.impl.CustomerDAOImpl               In CustomerDAOImpl getAccountById()                          Thu 12 November 2020 09:33:37 AM MST 
[DEBUG}   com.banking.app.dao.impl.CustomerDAOImpl               In CustomerDAOImpl getAccountById()                          Thu 12 November 2020 09:33:37 AM MST 
[DEBUG}   com.banking.app.dao.impl.CustomerDAOImpl               In CustomerDAOImpl getAccountById()                          Thu 12 November 2020 09:33:37 AM MST 
[DEBUG}   com.banking.app.service.impl.CustomerServiceImpl               in CustomerServiceImpl customerLogIn()                          Thu 12 November 2020 09:33:37 AM MST 
[DEBUG}   com.banking.app.dao.impl.CustomerDAOImpl               In CustomerDAOImpl getCustomerInfo()                          Thu 12 November 2020 09:33:37 AM MST 
[DEBUG}   com.banking.app.dao.impl.CustomerDAOImpl               customer found                          Thu 12 November 2020 09:33:37 AM MST 
[DEBUG}   com.banking.app.dao.impl.CustomerDAOImpl               In CustomerDAOImpl getCustomerInfo()                          Thu 12 November 2020 09:33:37 AM MST 
[DEBUG}   com.banking.app.dao.impl.CustomerDAOImpl               customer found                          Thu 12 November 2020 09:33:37 AM MST 
[DEBUG}   com.banking.app.service.impl.CustomerServiceImpl               in CustomerServiceImpl customerLogIn()                          Thu 12 November 2020 09:33:37 AM MST 
[DEBUG}   com.banking.app.dao.impl.CustomerDAOImpl               In CustomerDAOImpl getCustomerInfo()                          Thu 12 November 2020 09:33:37 AM MST 
[DEBUG}   com.banking.app.dao.impl.CustomerDAOImpl               customer found                          Thu 12 November 2020 09:33:37 AM MST 
[DEBUG}   com.banking.app.dao.impl.CustomerDAOImpl               In CustomerDAOImpl getCustomerInfo()                          Thu 12 November 2020 09:33:37 AM MST 
[DEBUG}   com.banking.app.dao.impl.CustomerDAOImpl               customer found                          Thu 12 November 2020 09:33:37 AM MST 
[INFO}   com.banking.app.main.BankingMain               ----------Welcome to the Griffith Community Bank App----------                          Thu 12 November 2020 09:33:46 AM MST 
[INFO}   com.banking.app.main.BankingMain               ==============================================================                          Thu 12 November 2020 09:33:46 AM MST 
[DEBUG}   com.banking.app.main.BankingMain               In main menu                          Thu 12 November 2020 09:33:46 AM MST 
[INFO}   com.banking.app.main.util.BankingMenus               
                          Thu 12 November 2020 09:33:46 AM MST 
[INFO}   com.banking.app.main.util.BankingMenus               Main Menu:                          Thu 12 November 2020 09:33:46 AM MST 
[INFO}   com.banking.app.main.util.BankingMenus               ======================================                          Thu 12 November 2020 09:33:46 AM MST 
[INFO}   com.banking.app.main.util.BankingMenus               (1) New Customer?                          Thu 12 November 2020 09:33:46 AM MST 
[INFO}   com.banking.app.main.util.BankingMenus               (2) Customer Log-in                          Thu 12 November 2020 09:33:46 AM MST 
[INFO}   com.banking.app.main.util.BankingMenus               (3) Employee Log-in                          Thu 12 November 2020 09:33:46 AM MST 
[INFO}   com.banking.app.main.util.BankingMenus               (4) Exit                          Thu 12 November 2020 09:33:46 AM MST 
[INFO}   com.banking.app.main.util.BankingMenus               ======================================                          Thu 12 November 2020 09:33:46 AM MST 
[INFO}   com.banking.app.main.util.BankingMenus               Please be sure to enter an appropriate number between 1 and 4.
                          Thu 12 November 2020 09:33:46 AM MST 
[DEBUG}   com.banking.app.main.BankingMain               In customer log in                          Thu 12 November 2020 09:33:53 AM MST 
[INFO}   com.banking.app.main.BankingMain               Hello valued customer!                          Thu 12 November 2020 09:33:53 AM MST 
[INFO}   com.banking.app.main.BankingMain               Please enter your username:                          Thu 12 November 2020 09:33:53 AM MST 
[INFO}   com.banking.app.main.BankingMain               Please enter your password:                          Thu 12 November 2020 09:33:56 AM MST 
[DEBUG}   com.banking.app.service.impl.CustomerServiceImpl               in CustomerServiceImpl customerLogIn()                          Thu 12 November 2020 09:33:59 AM MST 
[DEBUG}   com.banking.app.dao.impl.CustomerDAOImpl               In CustomerDAOImpl getCustomerInfo()                          Thu 12 November 2020 09:33:59 AM MST 
[DEBUG}   com.banking.app.dao.impl.CustomerDAOImpl               customer found                          Thu 12 November 2020 09:33:59 AM MST 
[DEBUG}   com.banking.app.dao.impl.CustomerDAOImpl               In CustomerDAOImpl getCustomerInfo()                          Thu 12 November 2020 09:33:59 AM MST 
[DEBUG}   com.banking.app.dao.impl.CustomerDAOImpl               customer found                          Thu 12 November 2020 09:33:59 AM MST 
[INFO}   com.banking.app.main.BankingMain               
Hello Clark Kent!                          Thu 12 November 2020 09:33:59 AM MST 
[DEBUG}   com.banking.app.main.BankingMain               In customer menu                          Thu 12 November 2020 09:33:59 AM MST 
[INFO}   com.banking.app.main.util.BankingMenus               
                          Thu 12 November 2020 09:33:59 AM MST 
[INFO}   com.banking.app.main.util.BankingMenus               Customer Menu:                          Thu 12 November 2020 09:33:59 AM MST 
[INFO}   com.banking.app.main.util.BankingMenus               ======================================                          Thu 12 November 2020 09:33:59 AM MST 
[INFO}   com.banking.app.main.util.BankingMenus               (1) Would You Like to Open a New Account?                          Thu 12 November 2020 09:33:59 AM MST 
[INFO}   com.banking.app.main.util.BankingMenus               (2) Account Banking Options                          Thu 12 November 2020 09:33:59 AM MST 
[INFO}   com.banking.app.main.util.BankingMenus               (3) Log Out                          Thu 12 November 2020 09:33:59 AM MST 
[INFO}   com.banking.app.main.util.BankingMenus               ======================================                          Thu 12 November 2020 09:33:59 AM MST 
[INFO}   com.banking.app.main.util.BankingMenus               Please be sure to enter an appropriate number between 1 and 3.
                          Thu 12 November 2020 09:33:59 AM MST 
[DEBUG}   com.banking.app.main.BankingMain               In existing accounts                          Thu 12 November 2020 09:34:03 AM MST 
[INFO}   com.banking.app.main.util.BankingMenus               
                          Thu 12 November 2020 09:34:03 AM MST 
[INFO}   com.banking.app.main.util.BankingMenus               Customer Accounts Menu:                          Thu 12 November 2020 09:34:03 AM MST 
[INFO}   com.banking.app.main.util.BankingMenus               ======================================                          Thu 12 November 2020 09:34:03 AM MST 
[INFO}   com.banking.app.main.util.BankingMenus               (1) View All Accounts                          Thu 12 November 2020 09:34:03 AM MST 
[INFO}   com.banking.app.main.util.BankingMenus               (2) View Account Balance                          Thu 12 November 2020 09:34:03 AM MST 
[INFO}   com.banking.app.main.util.BankingMenus               (3) View Account Transactions                          Thu 12 November 2020 09:34:03 AM MST 
[INFO}   com.banking.app.main.util.BankingMenus               (4) Make a Withdrawal                          Thu 12 November 2020 09:34:03 AM MST 
[INFO}   com.banking.app.main.util.BankingMenus               (5) Make a Deposit                          Thu 12 November 2020 09:34:03 AM MST 
[INFO}   com.banking.app.main.util.BankingMenus               (6) Transfer Funds                          Thu 12 November 2020 09:34:03 AM MST 
[INFO}   com.banking.app.main.util.BankingMenus               (7) Back to Customer Menu                          Thu 12 November 2020 09:34:03 AM MST 
[INFO}   com.banking.app.main.util.BankingMenus               ======================================                          Thu 12 November 2020 09:34:03 AM MST 
[INFO}   com.banking.app.main.util.BankingMenus               Please be sure to enter an appropriate number between 1 and 7.
                          Thu 12 November 2020 09:34:03 AM MST 
[DEBUG}   com.banking.app.main.BankingMain               in View Account Balance                          Thu 12 November 2020 09:34:06 AM MST 
[INFO}   com.banking.app.main.BankingMain               What is the account number?                          Thu 12 November 2020 09:34:06 AM MST 
[DEBUG}   com.banking.app.service.impl.CustomerServiceImpl               in CustomerServiceImpl getAccount()                          Thu 12 November 2020 09:34:10 AM MST 
[DEBUG}   com.banking.app.dao.impl.CustomerDAOImpl               In CustomerDAOImpl getAccount()                          Thu 12 November 2020 09:34:10 AM MST 
[DEBUG}   com.banking.app.dao.impl.CustomerDAOImpl               account found                          Thu 12 November 2020 09:34:10 AM MST 
[DEBUG}   com.banking.app.dao.impl.CustomerDAOImpl               In CustomerDAOImpl getAccount()                          Thu 12 November 2020 09:34:10 AM MST 
[DEBUG}   com.banking.app.dao.impl.CustomerDAOImpl               account found                          Thu 12 November 2020 09:34:10 AM MST 
[DEBUG}   com.banking.app.dao.impl.CustomerDAOImpl               In CustomerDAOImpl getAccount()                          Thu 12 November 2020 09:34:10 AM MST 
[DEBUG}   com.banking.app.dao.impl.CustomerDAOImpl               account found                          Thu 12 November 2020 09:34:10 AM MST 
[INFO}   com.banking.app.main.BankingMain               Okay, Clark let me get that account for you.                          Thu 12 November 2020 09:34:10 AM MST 
[INFO}   com.banking.app.main.BankingMain               The balance for account 101 is $5015.5                          Thu 12 November 2020 09:34:10 AM MST 
[INFO}   com.banking.app.main.util.BankingMenus               
                          Thu 12 November 2020 09:34:10 AM MST 
[INFO}   com.banking.app.main.util.BankingMenus               Customer Accounts Menu:                          Thu 12 November 2020 09:34:10 AM MST 
[INFO}   com.banking.app.main.util.BankingMenus               ======================================                          Thu 12 November 2020 09:34:10 AM MST 
[INFO}   com.banking.app.main.util.BankingMenus               (1) View All Accounts                          Thu 12 November 2020 09:34:10 AM MST 
[INFO}   com.banking.app.main.util.BankingMenus               (2) View Account Balance                          Thu 12 November 2020 09:34:10 AM MST 
[INFO}   com.banking.app.main.util.BankingMenus               (3) View Account Transactions                          Thu 12 November 2020 09:34:10 AM MST 
[INFO}   com.banking.app.main.util.BankingMenus               (4) Make a Withdrawal                          Thu 12 November 2020 09:34:10 AM MST 
[INFO}   com.banking.app.main.util.BankingMenus               (5) Make a Deposit                          Thu 12 November 2020 09:34:10 AM MST 
[INFO}   com.banking.app.main.util.BankingMenus               (6) Transfer Funds                          Thu 12 November 2020 09:34:10 AM MST 
[INFO}   com.banking.app.main.util.BankingMenus               (7) Back to Customer Menu                          Thu 12 November 2020 09:34:10 AM MST 
[INFO}   com.banking.app.main.util.BankingMenus               ======================================                          Thu 12 November 2020 09:34:10 AM MST 
[INFO}   com.banking.app.main.util.BankingMenus               Please be sure to enter an appropriate number between 1 and 7.
                          Thu 12 November 2020 09:34:10 AM MST 
[DEBUG}   com.banking.app.main.BankingMain               in View All Accounts                          Thu 12 November 2020 09:34:14 AM MST 
[DEBUG}   com.banking.app.service.impl.CustomerServiceImpl               in CustomerServiceImpl getAllAccounts                           Thu 12 November 2020 09:34:14 AM MST 
[DEBUG}   com.banking.app.dao.impl.CustomerDAOImpl               In CustomerDAOImpl getAllAccounts()                          Thu 12 November 2020 09:34:14 AM MST 
[DEBUG}   com.banking.app.dao.impl.CustomerDAOImpl               account found                          Thu 12 November 2020 09:34:14 AM MST 
[DEBUG}   com.banking.app.dao.impl.CustomerDAOImpl               account found                          Thu 12 November 2020 09:34:14 AM MST 
[INFO}   com.banking.app.main.BankingMain               Okay the following acounts are in your name:
                          Thu 12 November 2020 09:34:14 AM MST 
[INFO}   com.banking.app.main.BankingMain               Account Number      Account Type                          Thu 12 November 2020 09:34:14 AM MST 
[INFO}   com.banking.app.main.BankingMain                    101              savings                          Thu 12 November 2020 09:34:14 AM MST 
[INFO}   com.banking.app.main.BankingMain                    102              checking                          Thu 12 November 2020 09:34:14 AM MST 
[INFO}   com.banking.app.main.util.BankingMenus               
                          Thu 12 November 2020 09:34:14 AM MST 
[INFO}   com.banking.app.main.util.BankingMenus               Customer Accounts Menu:                          Thu 12 November 2020 09:34:14 AM MST 
[INFO}   com.banking.app.main.util.BankingMenus               ======================================                          Thu 12 November 2020 09:34:14 AM MST 
[INFO}   com.banking.app.main.util.BankingMenus               (1) View All Accounts                          Thu 12 November 2020 09:34:14 AM MST 
[INFO}   com.banking.app.main.util.BankingMenus               (2) View Account Balance                          Thu 12 November 2020 09:34:14 AM MST 
[INFO}   com.banking.app.main.util.BankingMenus               (3) View Account Transactions                          Thu 12 November 2020 09:34:14 AM MST 
[INFO}   com.banking.app.main.util.BankingMenus               (4) Make a Withdrawal                          Thu 12 November 2020 09:34:14 AM MST 
[INFO}   com.banking.app.main.util.BankingMenus               (5) Make a Deposit                          Thu 12 November 2020 09:34:14 AM MST 
[INFO}   com.banking.app.main.util.BankingMenus               (6) Transfer Funds                          Thu 12 November 2020 09:34:14 AM MST 
[INFO}   com.banking.app.main.util.BankingMenus               (7) Back to Customer Menu                          Thu 12 November 2020 09:34:14 AM MST 
[INFO}   com.banking.app.main.util.BankingMenus               ======================================                          Thu 12 November 2020 09:34:14 AM MST 
[INFO}   com.banking.app.main.util.BankingMenus               Please be sure to enter an appropriate number between 1 and 7.
                          Thu 12 November 2020 09:34:14 AM MST 
[INFO}   com.banking.app.main.BankingMain               Out of range. Please choose one of the six options.                          Thu 12 November 2020 09:34:16 AM MST 
[INFO}   com.banking.app.main.util.BankingMenus               
                          Thu 12 November 2020 09:34:16 AM MST 
[INFO}   com.banking.app.main.util.BankingMenus               Customer Accounts Menu:                          Thu 12 November 2020 09:34:16 AM MST 
[INFO}   com.banking.app.main.util.BankingMenus               ======================================                          Thu 12 November 2020 09:34:16 AM MST 
[INFO}   com.banking.app.main.util.BankingMenus               (1) View All Accounts                          Thu 12 November 2020 09:34:16 AM MST 
[INFO}   com.banking.app.main.util.BankingMenus               (2) View Account Balance                          Thu 12 November 2020 09:34:16 AM MST 
[INFO}   com.banking.app.main.util.BankingMenus               (3) View Account Transactions                          Thu 12 November 2020 09:34:16 AM MST 
[INFO}   com.banking.app.main.util.BankingMenus               (4) Make a Withdrawal                          Thu 12 November 2020 09:34:16 AM MST 
[INFO}   com.banking.app.main.util.BankingMenus               (5) Make a Deposit                          Thu 12 November 2020 09:34:16 AM MST 
[INFO}   com.banking.app.main.util.BankingMenus               (6) Transfer Funds                          Thu 12 November 2020 09:34:16 AM MST 
[INFO}   com.banking.app.main.util.BankingMenus               (7) Back to Customer Menu                          Thu 12 November 2020 09:34:16 AM MST 
[INFO}   com.banking.app.main.util.BankingMenus               ======================================                          Thu 12 November 2020 09:34:16 AM MST 
[INFO}   com.banking.app.main.util.BankingMenus               Please be sure to enter an appropriate number between 1 and 7.
                          Thu 12 November 2020 09:34:16 AM MST 
[DEBUG}   com.banking.app.main.BankingMain               in View Account Balance                          Thu 12 November 2020 09:34:28 AM MST 
[INFO}   com.banking.app.main.BankingMain               What is the account number?                          Thu 12 November 2020 09:34:28 AM MST 
[DEBUG}   com.banking.app.service.impl.CustomerServiceImpl               in CustomerServiceImpl getAccount()                          Thu 12 November 2020 09:34:30 AM MST 
[DEBUG}   com.banking.app.dao.impl.CustomerDAOImpl               In CustomerDAOImpl getAccount()                          Thu 12 November 2020 09:34:30 AM MST 
[DEBUG}   com.banking.app.dao.impl.CustomerDAOImpl               account found                          Thu 12 November 2020 09:34:30 AM MST 
[DEBUG}   com.banking.app.dao.impl.CustomerDAOImpl               In CustomerDAOImpl getAccount()                          Thu 12 November 2020 09:34:30 AM MST 
[DEBUG}   com.banking.app.dao.impl.CustomerDAOImpl               account found                          Thu 12 November 2020 09:34:30 AM MST 
[DEBUG}   com.banking.app.dao.impl.CustomerDAOImpl               In CustomerDAOImpl getAccount()                          Thu 12 November 2020 09:34:30 AM MST 
[DEBUG}   com.banking.app.dao.impl.CustomerDAOImpl               account found                          Thu 12 November 2020 09:34:30 AM MST 
[INFO}   com.banking.app.main.BankingMain               Okay, Clark let me get that account for you.                          Thu 12 November 2020 09:34:30 AM MST 
[INFO}   com.banking.app.main.BankingMain               The balance for account 101 is $5015.5                          Thu 12 November 2020 09:34:30 AM MST 
[INFO}   com.banking.app.main.util.BankingMenus               
                          Thu 12 November 2020 09:34:30 AM MST 
[INFO}   com.banking.app.main.util.BankingMenus               Customer Accounts Menu:                          Thu 12 November 2020 09:34:30 AM MST 
[INFO}   com.banking.app.main.util.BankingMenus               ======================================                          Thu 12 November 2020 09:34:30 AM MST 
[INFO}   com.banking.app.main.util.BankingMenus               (1) View All Accounts                          Thu 12 November 2020 09:34:30 AM MST 
[INFO}   com.banking.app.main.util.BankingMenus               (2) View Account Balance                          Thu 12 November 2020 09:34:30 AM MST 
[INFO}   com.banking.app.main.util.BankingMenus               (3) View Account Transactions                          Thu 12 November 2020 09:34:30 AM MST 
[INFO}   com.banking.app.main.util.BankingMenus               (4) Make a Withdrawal                          Thu 12 November 2020 09:34:30 AM MST 
[INFO}   com.banking.app.main.util.BankingMenus               (5) Make a Deposit                          Thu 12 November 2020 09:34:30 AM MST 
[INFO}   com.banking.app.main.util.BankingMenus               (6) Transfer Funds                          Thu 12 November 2020 09:34:30 AM MST 
[INFO}   com.banking.app.main.util.BankingMenus               (7) Back to Customer Menu                          Thu 12 November 2020 09:34:30 AM MST 
[INFO}   com.banking.app.main.util.BankingMenus               ======================================                          Thu 12 November 2020 09:34:30 AM MST 
[INFO}   com.banking.app.main.util.BankingMenus               Please be sure to enter an appropriate number between 1 and 7.
                          Thu 12 November 2020 09:34:30 AM MST 
[DEBUG}   com.banking.app.main.BankingMain               in View Account Balance                          Thu 12 November 2020 09:34:33 AM MST 
[INFO}   com.banking.app.main.BankingMain               What is the account number?                          Thu 12 November 2020 09:34:33 AM MST 
[DEBUG}   com.banking.app.service.impl.CustomerServiceImpl               in CustomerServiceImpl getAccount()                          Thu 12 November 2020 09:34:37 AM MST 
[DEBUG}   com.banking.app.dao.impl.CustomerDAOImpl               In CustomerDAOImpl getAccount()                          Thu 12 November 2020 09:34:37 AM MST 
[DEBUG}   com.banking.app.dao.impl.CustomerDAOImpl               account found                          Thu 12 November 2020 09:34:37 AM MST 
[DEBUG}   com.banking.app.dao.impl.CustomerDAOImpl               In CustomerDAOImpl getAccount()                          Thu 12 November 2020 09:34:37 AM MST 
[DEBUG}   com.banking.app.dao.impl.CustomerDAOImpl               account found                          Thu 12 November 2020 09:34:37 AM MST 
[DEBUG}   com.banking.app.dao.impl.CustomerDAOImpl               In CustomerDAOImpl getAccount()                          Thu 12 November 2020 09:34:37 AM MST 
[DEBUG}   com.banking.app.dao.impl.CustomerDAOImpl               account found                          Thu 12 November 2020 09:34:37 AM MST 
[INFO}   com.banking.app.main.BankingMain               Okay, Clark let me get that account for you.                          Thu 12 November 2020 09:34:37 AM MST 
[INFO}   com.banking.app.main.BankingMain               The balance for account 102 is $2051.05                          Thu 12 November 2020 09:34:37 AM MST 
[INFO}   com.banking.app.main.util.BankingMenus               
                          Thu 12 November 2020 09:34:37 AM MST 
[INFO}   com.banking.app.main.util.BankingMenus               Customer Accounts Menu:                          Thu 12 November 2020 09:34:37 AM MST 
[INFO}   com.banking.app.main.util.BankingMenus               ======================================                          Thu 12 November 2020 09:34:37 AM MST 
[INFO}   com.banking.app.main.util.BankingMenus               (1) View All Accounts                          Thu 12 November 2020 09:34:37 AM MST 
[INFO}   com.banking.app.main.util.BankingMenus               (2) View Account Balance                          Thu 12 November 2020 09:34:37 AM MST 
[INFO}   com.banking.app.main.util.BankingMenus               (3) View Account Transactions                          Thu 12 November 2020 09:34:37 AM MST 
[INFO}   com.banking.app.main.util.BankingMenus               (4) Make a Withdrawal                          Thu 12 November 2020 09:34:37 AM MST 
[INFO}   com.banking.app.main.util.BankingMenus               (5) Make a Deposit                          Thu 12 November 2020 09:34:37 AM MST 
[INFO}   com.banking.app.main.util.BankingMenus               (6) Transfer Funds                          Thu 12 November 2020 09:34:37 AM MST 
[INFO}   com.banking.app.main.util.BankingMenus               (7) Back to Customer Menu                          Thu 12 November 2020 09:34:37 AM MST 
[INFO}   com.banking.app.main.util.BankingMenus               ======================================                          Thu 12 November 2020 09:34:37 AM MST 
[INFO}   com.banking.app.main.util.BankingMenus               Please be sure to enter an appropriate number between 1 and 7.
                          Thu 12 November 2020 09:34:37 AM MST 
[DEBUG}   com.banking.app.main.BankingMain               in View Account Transactions                          Thu 12 November 2020 09:34:59 AM MST 
[INFO}   com.banking.app.main.BankingMain               What is the account number?                          Thu 12 November 2020 09:34:59 AM MST 
[DEBUG}   com.banking.app.service.impl.CustomerServiceImpl               in CustomerServiceImpl getAccount()                          Thu 12 November 2020 09:35:01 AM MST 
[DEBUG}   com.banking.app.dao.impl.CustomerDAOImpl               In CustomerDAOImpl getAccount()                          Thu 12 November 2020 09:35:01 AM MST 
[DEBUG}   com.banking.app.dao.impl.CustomerDAOImpl               account found                          Thu 12 November 2020 09:35:01 AM MST 
[DEBUG}   com.banking.app.dao.impl.CustomerDAOImpl               In CustomerDAOImpl getAccount()                          Thu 12 November 2020 09:35:01 AM MST 
[DEBUG}   com.banking.app.dao.impl.CustomerDAOImpl               account found                          Thu 12 November 2020 09:35:02 AM MST 
[DEBUG}   com.banking.app.dao.impl.CustomerDAOImpl               In CustomerDAOImpl getAccount()                          Thu 12 November 2020 09:35:02 AM MST 
[DEBUG}   com.banking.app.dao.impl.CustomerDAOImpl               account found                          Thu 12 November 2020 09:35:02 AM MST 
[DEBUG}   com.banking.app.dao.impl.CustomerDAOImpl               In CustomerDAOImpl getAllTransactionsForAccount()                          Thu 12 November 2020 09:35:02 AM MST 
[DEBUG}   com.banking.app.dao.impl.CustomerDAOImpl               transaction found                          Thu 12 November 2020 09:35:02 AM MST 
[DEBUG}   com.banking.app.dao.impl.CustomerDAOImpl               transaction found                          Thu 12 November 2020 09:35:02 AM MST 
[DEBUG}   com.banking.app.dao.impl.CustomerDAOImpl               transaction found                          Thu 12 November 2020 09:35:02 AM MST 
[INFO}   com.banking.app.main.BankingMain               Okay, here are the transactions for that account:
                          Thu 12 November 2020 09:35:02 AM MST 
[INFO}   com.banking.app.main.BankingMain               Account Number     Type of Transaction        Amount             Date and Time                          Thu 12 November 2020 09:35:02 AM MST 
[INFO}   com.banking.app.main.BankingMain                    101               withdrawal               40.5           11/10/2020 01:44:25 PM MST                          Thu 12 November 2020 09:35:02 AM MST 
[INFO}   com.banking.app.main.BankingMain                    101               deposit               50.5           11/10/2020 01:45:04 PM MST                          Thu 12 November 2020 09:35:02 AM MST 
[INFO}   com.banking.app.main.BankingMain                    101               transferred in               5.5           11/10/2020 01:47:33 PM MST                          Thu 12 November 2020 09:35:02 AM MST 
[INFO}   com.banking.app.main.util.BankingMenus               
                          Thu 12 November 2020 09:35:02 AM MST 
[INFO}   com.banking.app.main.util.BankingMenus               Customer Accounts Menu:                          Thu 12 November 2020 09:35:02 AM MST 
[INFO}   com.banking.app.main.util.BankingMenus               ======================================                          Thu 12 November 2020 09:35:02 AM MST 
[INFO}   com.banking.app.main.util.BankingMenus               (1) View All Accounts                          Thu 12 November 2020 09:35:02 AM MST 
[INFO}   com.banking.app.main.util.BankingMenus               (2) View Account Balance                          Thu 12 November 2020 09:35:02 AM MST 
[INFO}   com.banking.app.main.util.BankingMenus               (3) View Account Transactions                          Thu 12 November 2020 09:35:02 AM MST 
[INFO}   com.banking.app.main.util.BankingMenus               (4) Make a Withdrawal                          Thu 12 November 2020 09:35:02 AM MST 
[INFO}   com.banking.app.main.util.BankingMenus               (5) Make a Deposit                          Thu 12 November 2020 09:35:02 AM MST 
[INFO}   com.banking.app.main.util.BankingMenus               (6) Transfer Funds                          Thu 12 November 2020 09:35:02 AM MST 
[INFO}   com.banking.app.main.util.BankingMenus               (7) Back to Customer Menu                          Thu 12 November 2020 09:35:02 AM MST 
[INFO}   com.banking.app.main.util.BankingMenus               ======================================                          Thu 12 November 2020 09:35:02 AM MST 
[INFO}   com.banking.app.main.util.BankingMenus               Please be sure to enter an appropriate number between 1 and 7.
                          Thu 12 November 2020 09:35:02 AM MST 
[DEBUG}   com.banking.app.main.BankingMain               in View Account Transactions                          Thu 12 November 2020 09:35:24 AM MST 
[INFO}   com.banking.app.main.BankingMain               What is the account number?                          Thu 12 November 2020 09:35:24 AM MST 
[DEBUG}   com.banking.app.service.impl.CustomerServiceImpl               in CustomerServiceImpl getAccount()                          Thu 12 November 2020 09:35:28 AM MST 
[DEBUG}   com.banking.app.dao.impl.CustomerDAOImpl               In CustomerDAOImpl getAccount()                          Thu 12 November 2020 09:35:28 AM MST 
[DEBUG}   com.banking.app.dao.impl.CustomerDAOImpl               account found                          Thu 12 November 2020 09:35:28 AM MST 
[DEBUG}   com.banking.app.dao.impl.CustomerDAOImpl               In CustomerDAOImpl getAccount()                          Thu 12 November 2020 09:35:28 AM MST 
[DEBUG}   com.banking.app.dao.impl.CustomerDAOImpl               account found                          Thu 12 November 2020 09:35:28 AM MST 
[DEBUG}   com.banking.app.dao.impl.CustomerDAOImpl               In CustomerDAOImpl getAccount()                          Thu 12 November 2020 09:35:28 AM MST 
[DEBUG}   com.banking.app.dao.impl.CustomerDAOImpl               account found                          Thu 12 November 2020 09:35:28 AM MST 
[DEBUG}   com.banking.app.dao.impl.CustomerDAOImpl               In CustomerDAOImpl getAllTransactionsForAccount()                          Thu 12 November 2020 09:35:28 AM MST 
[DEBUG}   com.banking.app.dao.impl.CustomerDAOImpl               transaction found                          Thu 12 November 2020 09:35:28 AM MST 
[DEBUG}   com.banking.app.dao.impl.CustomerDAOImpl               transaction found                          Thu 12 November 2020 09:35:28 AM MST 
[INFO}   com.banking.app.main.BankingMain               Okay, here are the transactions for that account:
                          Thu 12 November 2020 09:35:28 AM MST 
[INFO}   com.banking.app.main.BankingMain               Account Number     Type of Transaction        Amount             Date and Time                          Thu 12 November 2020 09:35:28 AM MST 
[INFO}   com.banking.app.main.BankingMain                    102               transferred out               5.5           11/10/2020 01:47:33 PM MST                          Thu 12 November 2020 09:35:28 AM MST 
[INFO}   com.banking.app.main.BankingMain                    102               deposit               56.55           11/11/2020 03:47:09 PM MST                          Thu 12 November 2020 09:35:28 AM MST 
[INFO}   com.banking.app.main.util.BankingMenus               
                          Thu 12 November 2020 09:35:28 AM MST 
[INFO}   com.banking.app.main.util.BankingMenus               Customer Accounts Menu:                          Thu 12 November 2020 09:35:28 AM MST 
[INFO}   com.banking.app.main.util.BankingMenus               ======================================                          Thu 12 November 2020 09:35:28 AM MST 
[INFO}   com.banking.app.main.util.BankingMenus               (1) View All Accounts                          Thu 12 November 2020 09:35:28 AM MST 
[INFO}   com.banking.app.main.util.BankingMenus               (2) View Account Balance                          Thu 12 November 2020 09:35:28 AM MST 
[INFO}   com.banking.app.main.util.BankingMenus               (3) View Account Transactions                          Thu 12 November 2020 09:35:28 AM MST 
[INFO}   com.banking.app.main.util.BankingMenus               (4) Make a Withdrawal                          Thu 12 November 2020 09:35:28 AM MST 
[INFO}   com.banking.app.main.util.BankingMenus               (5) Make a Deposit                          Thu 12 November 2020 09:35:28 AM MST 
[INFO}   com.banking.app.main.util.BankingMenus               (6) Transfer Funds                          Thu 12 November 2020 09:35:28 AM MST 
[INFO}   com.banking.app.main.util.BankingMenus               (7) Back to Customer Menu                          Thu 12 November 2020 09:35:28 AM MST 
[INFO}   com.banking.app.main.util.BankingMenus               ======================================                          Thu 12 November 2020 09:35:28 AM MST 
[INFO}   com.banking.app.main.util.BankingMenus               Please be sure to enter an appropriate number between 1 and 7.
                          Thu 12 November 2020 09:35:28 AM MST 
[DEBUG}   com.banking.app.main.BankingMain               in Make a Deposit                          Thu 12 November 2020 09:36:01 AM MST 
[INFO}   com.banking.app.main.BankingMain               What is the account number?                          Thu 12 November 2020 09:36:01 AM MST 
[INFO}   com.banking.app.main.BankingMain               How much money would you like to deposit?                          Thu 12 November 2020 09:36:03 AM MST 
[DEBUG}   com.banking.app.dao.impl.CustomerDAOImpl               In CustomerDAOImpl getAccount()                          Thu 12 November 2020 09:36:12 AM MST 
[DEBUG}   com.banking.app.dao.impl.CustomerDAOImpl               account found                          Thu 12 November 2020 09:36:12 AM MST 
[DEBUG}   com.banking.app.dao.impl.CustomerDAOImpl               In CustomerDAOImpl updateAccountBalance()                          Thu 12 November 2020 09:36:12 AM MST 
[INFO}   com.banking.app.service.impl.CustomerServiceImpl               $2000.0 was deposited successfully.                          Thu 12 November 2020 09:36:12 AM MST 
[DEBUG}   com.banking.app.service.impl.CustomerServiceImpl               The transaction was recorded.                          Thu 12 November 2020 09:36:12 AM MST 
[INFO}   com.banking.app.main.util.BankingMenus               
                          Thu 12 November 2020 09:36:12 AM MST 
[INFO}   com.banking.app.main.util.BankingMenus               Customer Accounts Menu:                          Thu 12 November 2020 09:36:12 AM MST 
[INFO}   com.banking.app.main.util.BankingMenus               ======================================                          Thu 12 November 2020 09:36:12 AM MST 
[INFO}   com.banking.app.main.util.BankingMenus               (1) View All Accounts                          Thu 12 November 2020 09:36:12 AM MST 
[INFO}   com.banking.app.main.util.BankingMenus               (2) View Account Balance                          Thu 12 November 2020 09:36:12 AM MST 
[INFO}   com.banking.app.main.util.BankingMenus               (3) View Account Transactions                          Thu 12 November 2020 09:36:12 AM MST 
[INFO}   com.banking.app.main.util.BankingMenus               (4) Make a Withdrawal                          Thu 12 November 2020 09:36:12 AM MST 
[INFO}   com.banking.app.main.util.BankingMenus               (5) Make a Deposit                          Thu 12 November 2020 09:36:12 AM MST 
[INFO}   com.banking.app.main.util.BankingMenus               (6) Transfer Funds                          Thu 12 November 2020 09:36:12 AM MST 
[INFO}   com.banking.app.main.util.BankingMenus               (7) Back to Customer Menu                          Thu 12 November 2020 09:36:12 AM MST 
[INFO}   com.banking.app.main.util.BankingMenus               ======================================                          Thu 12 November 2020 09:36:12 AM MST 
[INFO}   com.banking.app.main.util.BankingMenus               Please be sure to enter an appropriate number between 1 and 7.
                          Thu 12 November 2020 09:36:12 AM MST 
[DEBUG}   com.banking.app.main.BankingMain               in Transfer Funds                          Thu 12 November 2020 09:36:34 AM MST 
[INFO}   com.banking.app.main.BankingMain               From which account?                          Thu 12 November 2020 09:36:34 AM MST 
[INFO}   com.banking.app.main.BankingMain               To which account?                          Thu 12 November 2020 09:36:46 AM MST 
[INFO}   com.banking.app.main.BankingMain               Is this your account also? [y/n]                          Thu 12 November 2020 09:36:50 AM MST 
[INFO}   com.banking.app.main.BankingMain               How much much would you like to transfer?                          Thu 12 November 2020 09:36:53 AM MST 
[INFO}   com.banking.app.main.BankingMain               Are you sure that you want to make this transfer? [y/n]                          Thu 12 November 2020 09:37:05 AM MST 
[DEBUG}   com.banking.app.dao.impl.CustomerDAOImpl               In CustomerDAOImpl getAccount()                          Thu 12 November 2020 09:37:07 AM MST 
[DEBUG}   com.banking.app.dao.impl.CustomerDAOImpl               account found                          Thu 12 November 2020 09:37:07 AM MST 
[DEBUG}   com.banking.app.dao.impl.CustomerDAOImpl               In CustomerDAOImpl getAccountById()                          Thu 12 November 2020 09:37:07 AM MST 
[DEBUG}   com.banking.app.dao.impl.CustomerDAOImpl               In CustomerDAOImpl updateAccountBalance()                          Thu 12 November 2020 09:37:07 AM MST 
[DEBUG}   com.banking.app.dao.impl.CustomerDAOImpl               In CustomerDAOImpl updateAccountBalance()                          Thu 12 November 2020 09:37:07 AM MST 
[INFO}   com.banking.app.service.impl.CustomerServiceImpl               $50.0 was transferred successully.                          Thu 12 November 2020 09:37:07 AM MST 
[DEBUG}   com.banking.app.service.impl.CustomerServiceImpl               The transaction was recorded.                          Thu 12 November 2020 09:37:07 AM MST 
[DEBUG}   com.banking.app.service.impl.CustomerServiceImpl               The transaction was recorded.                          Thu 12 November 2020 09:37:07 AM MST 
[INFO}   com.banking.app.main.util.BankingMenus               
                          Thu 12 November 2020 09:37:07 AM MST 
[INFO}   com.banking.app.main.util.BankingMenus               Customer Accounts Menu:                          Thu 12 November 2020 09:37:07 AM MST 
[INFO}   com.banking.app.main.util.BankingMenus               ======================================                          Thu 12 November 2020 09:37:07 AM MST 
[INFO}   com.banking.app.main.util.BankingMenus               (1) View All Accounts                          Thu 12 November 2020 09:37:07 AM MST 
[INFO}   com.banking.app.main.util.BankingMenus               (2) View Account Balance                          Thu 12 November 2020 09:37:07 AM MST 
[INFO}   com.banking.app.main.util.BankingMenus               (3) View Account Transactions                          Thu 12 November 2020 09:37:07 AM MST 
[INFO}   com.banking.app.main.util.BankingMenus               (4) Make a Withdrawal                          Thu 12 November 2020 09:37:07 AM MST 
[INFO}   com.banking.app.main.util.BankingMenus               (5) Make a Deposit                          Thu 12 November 2020 09:37:07 AM MST 
[INFO}   com.banking.app.main.util.BankingMenus               (6) Transfer Funds                          Thu 12 November 2020 09:37:07 AM MST 
[INFO}   com.banking.app.main.util.BankingMenus               (7) Back to Customer Menu                          Thu 12 November 2020 09:37:07 AM MST 
[INFO}   com.banking.app.main.util.BankingMenus               ======================================                          Thu 12 November 2020 09:37:07 AM MST 
[INFO}   com.banking.app.main.util.BankingMenus               Please be sure to enter an appropriate number between 1 and 7.
                          Thu 12 November 2020 09:37:07 AM MST 
[DEBUG}   com.banking.app.main.BankingMain               in View Account Transactions                          Thu 12 November 2020 09:37:15 AM MST 
[INFO}   com.banking.app.main.BankingMain               What is the account number?                          Thu 12 November 2020 09:37:15 AM MST 
[DEBUG}   com.banking.app.service.impl.CustomerServiceImpl               in CustomerServiceImpl getAccount()                          Thu 12 November 2020 09:37:17 AM MST 
[DEBUG}   com.banking.app.dao.impl.CustomerDAOImpl               In CustomerDAOImpl getAccount()                          Thu 12 November 2020 09:37:17 AM MST 
[DEBUG}   com.banking.app.dao.impl.CustomerDAOImpl               account found                          Thu 12 November 2020 09:37:17 AM MST 
[DEBUG}   com.banking.app.dao.impl.CustomerDAOImpl               In CustomerDAOImpl getAccount()                          Thu 12 November 2020 09:37:17 AM MST 
[DEBUG}   com.banking.app.dao.impl.CustomerDAOImpl               account found                          Thu 12 November 2020 09:37:17 AM MST 
[DEBUG}   com.banking.app.dao.impl.CustomerDAOImpl               In CustomerDAOImpl getAccount()                          Thu 12 November 2020 09:37:17 AM MST 
[DEBUG}   com.banking.app.dao.impl.CustomerDAOImpl               account found                          Thu 12 November 2020 09:37:17 AM MST 
[DEBUG}   com.banking.app.dao.impl.CustomerDAOImpl               In CustomerDAOImpl getAllTransactionsForAccount()                          Thu 12 November 2020 09:37:17 AM MST 
[DEBUG}   com.banking.app.dao.impl.CustomerDAOImpl               transaction found                          Thu 12 November 2020 09:37:17 AM MST 
[DEBUG}   com.banking.app.dao.impl.CustomerDAOImpl               transaction found                          Thu 12 November 2020 09:37:17 AM MST 
[DEBUG}   com.banking.app.dao.impl.CustomerDAOImpl               transaction found                          Thu 12 November 2020 09:37:17 AM MST 
[DEBUG}   com.banking.app.dao.impl.CustomerDAOImpl               transaction found                          Thu 12 November 2020 09:37:17 AM MST 
[INFO}   com.banking.app.main.BankingMain               Okay, here are the transactions for that account:
                          Thu 12 November 2020 09:37:17 AM MST 
[INFO}   com.banking.app.main.BankingMain               Account Number     Type of Transaction        Amount             Date and Time                          Thu 12 November 2020 09:37:17 AM MST 
[INFO}   com.banking.app.main.BankingMain                    101               withdrawal               40.5           11/10/2020 01:44:25 PM MST                          Thu 12 November 2020 09:37:17 AM MST 
[INFO}   com.banking.app.main.BankingMain                    101               deposit               50.5           11/10/2020 01:45:04 PM MST                          Thu 12 November 2020 09:37:17 AM MST 
[INFO}   com.banking.app.main.BankingMain                    101               transferred in               5.5           11/10/2020 01:47:33 PM MST                          Thu 12 November 2020 09:37:17 AM MST 
[INFO}   com.banking.app.main.BankingMain                    101               transferred out               50.0           11/12/2020 09:37:07 AM MST                          Thu 12 November 2020 09:37:17 AM MST 
[INFO}   com.banking.app.main.util.BankingMenus               
                          Thu 12 November 2020 09:37:17 AM MST 
[INFO}   com.banking.app.main.util.BankingMenus               Customer Accounts Menu:                          Thu 12 November 2020 09:37:17 AM MST 
[INFO}   com.banking.app.main.util.BankingMenus               ======================================                          Thu 12 November 2020 09:37:17 AM MST 
[INFO}   com.banking.app.main.util.BankingMenus               (1) View All Accounts                          Thu 12 November 2020 09:37:17 AM MST 
[INFO}   com.banking.app.main.util.BankingMenus               (2) View Account Balance                          Thu 12 November 2020 09:37:17 AM MST 
[INFO}   com.banking.app.main.util.BankingMenus               (3) View Account Transactions                          Thu 12 November 2020 09:37:17 AM MST 
[INFO}   com.banking.app.main.util.BankingMenus               (4) Make a Withdrawal                          Thu 12 November 2020 09:37:17 AM MST 
[INFO}   com.banking.app.main.util.BankingMenus               (5) Make a Deposit                          Thu 12 November 2020 09:37:17 AM MST 
[INFO}   com.banking.app.main.util.BankingMenus               (6) Transfer Funds                          Thu 12 November 2020 09:37:17 AM MST 
[INFO}   com.banking.app.main.util.BankingMenus               (7) Back to Customer Menu                          Thu 12 November 2020 09:37:17 AM MST 
[INFO}   com.banking.app.main.util.BankingMenus               ======================================                          Thu 12 November 2020 09:37:17 AM MST 
[INFO}   com.banking.app.main.util.BankingMenus               Please be sure to enter an appropriate number between 1 and 7.
                          Thu 12 November 2020 09:37:17 AM MST 
[DEBUG}   com.banking.app.main.BankingMain               in View Account Transactions                          Thu 12 November 2020 09:37:22 AM MST 
[INFO}   com.banking.app.main.BankingMain               What is the account number?                          Thu 12 November 2020 09:37:22 AM MST 
[DEBUG}   com.banking.app.service.impl.CustomerServiceImpl               in CustomerServiceImpl getAccount()                          Thu 12 November 2020 09:37:26 AM MST 
[DEBUG}   com.banking.app.dao.impl.CustomerDAOImpl               In CustomerDAOImpl getAccount()                          Thu 12 November 2020 09:37:26 AM MST 
[DEBUG}   com.banking.app.dao.impl.CustomerDAOImpl               account found                          Thu 12 November 2020 09:37:26 AM MST 
[DEBUG}   com.banking.app.dao.impl.CustomerDAOImpl               In CustomerDAOImpl getAccount()                          Thu 12 November 2020 09:37:26 AM MST 
[DEBUG}   com.banking.app.dao.impl.CustomerDAOImpl               account found                          Thu 12 November 2020 09:37:27 AM MST 
[DEBUG}   com.banking.app.dao.impl.CustomerDAOImpl               In CustomerDAOImpl getAccount()                          Thu 12 November 2020 09:37:27 AM MST 
[DEBUG}   com.banking.app.dao.impl.CustomerDAOImpl               account found                          Thu 12 November 2020 09:37:27 AM MST 
[DEBUG}   com.banking.app.dao.impl.CustomerDAOImpl               In CustomerDAOImpl getAllTransactionsForAccount()                          Thu 12 November 2020 09:37:27 AM MST 
[DEBUG}   com.banking.app.dao.impl.CustomerDAOImpl               transaction found                          Thu 12 November 2020 09:37:27 AM MST 
[DEBUG}   com.banking.app.dao.impl.CustomerDAOImpl               transaction found                          Thu 12 November 2020 09:37:27 AM MST 
[DEBUG}   com.banking.app.dao.impl.CustomerDAOImpl               transaction found                          Thu 12 November 2020 09:37:27 AM MST 
[DEBUG}   com.banking.app.dao.impl.CustomerDAOImpl               transaction found                          Thu 12 November 2020 09:37:27 AM MST 
[INFO}   com.banking.app.main.BankingMain               Okay, here are the transactions for that account:
                          Thu 12 November 2020 09:37:27 AM MST 
[INFO}   com.banking.app.main.BankingMain               Account Number     Type of Transaction        Amount             Date and Time                          Thu 12 November 2020 09:37:27 AM MST 
[INFO}   com.banking.app.main.BankingMain                    102               transferred out               5.5           11/10/2020 01:47:33 PM MST                          Thu 12 November 2020 09:37:27 AM MST 
[INFO}   com.banking.app.main.BankingMain                    102               deposit               56.55           11/11/2020 03:47:09 PM MST                          Thu 12 November 2020 09:37:27 AM MST 
[INFO}   com.banking.app.main.BankingMain                    102               deposit               2000.0           11/12/2020 09:36:12 AM MST                          Thu 12 November 2020 09:37:27 AM MST 
[INFO}   com.banking.app.main.BankingMain                    102               transferred in               50.0           11/12/2020 09:37:07 AM MST                          Thu 12 November 2020 09:37:27 AM MST 
[INFO}   com.banking.app.main.util.BankingMenus               
                          Thu 12 November 2020 09:37:27 AM MST 
[INFO}   com.banking.app.main.util.BankingMenus               Customer Accounts Menu:                          Thu 12 November 2020 09:37:27 AM MST 
[INFO}   com.banking.app.main.util.BankingMenus               ======================================                          Thu 12 November 2020 09:37:27 AM MST 
[INFO}   com.banking.app.main.util.BankingMenus               (1) View All Accounts                          Thu 12 November 2020 09:37:27 AM MST 
[INFO}   com.banking.app.main.util.BankingMenus               (2) View Account Balance                          Thu 12 November 2020 09:37:27 AM MST 
[INFO}   com.banking.app.main.util.BankingMenus               (3) View Account Transactions                          Thu 12 November 2020 09:37:27 AM MST 
[INFO}   com.banking.app.main.util.BankingMenus               (4) Make a Withdrawal                          Thu 12 November 2020 09:37:27 AM MST 
[INFO}   com.banking.app.main.util.BankingMenus               (5) Make a Deposit                          Thu 12 November 2020 09:37:27 AM MST 
[INFO}   com.banking.app.main.util.BankingMenus               (6) Transfer Funds                          Thu 12 November 2020 09:37:27 AM MST 
[INFO}   com.banking.app.main.util.BankingMenus               (7) Back to Customer Menu                          Thu 12 November 2020 09:37:27 AM MST 
[INFO}   com.banking.app.main.util.BankingMenus               ======================================                          Thu 12 November 2020 09:37:27 AM MST 
[INFO}   com.banking.app.main.util.BankingMenus               Please be sure to enter an appropriate number between 1 and 7.
                          Thu 12 November 2020 09:37:27 AM MST 
[INFO}   com.banking.app.main.BankingMain               Returning to Customer Menu...                          Thu 12 November 2020 09:37:33 AM MST 
[INFO}   com.banking.app.main.util.BankingMenus               
                          Thu 12 November 2020 09:37:33 AM MST 
[INFO}   com.banking.app.main.util.BankingMenus               Customer Menu:                          Thu 12 November 2020 09:37:33 AM MST 
[INFO}   com.banking.app.main.util.BankingMenus               ======================================                          Thu 12 November 2020 09:37:33 AM MST 
[INFO}   com.banking.app.main.util.BankingMenus               (1) Would You Like to Open a New Account?                          Thu 12 November 2020 09:37:33 AM MST 
[INFO}   com.banking.app.main.util.BankingMenus               (2) Account Banking Options                          Thu 12 November 2020 09:37:33 AM MST 
[INFO}   com.banking.app.main.util.BankingMenus               (3) Log Out                          Thu 12 November 2020 09:37:33 AM MST 
[INFO}   com.banking.app.main.util.BankingMenus               ======================================                          Thu 12 November 2020 09:37:33 AM MST 
[INFO}   com.banking.app.main.util.BankingMenus               Please be sure to enter an appropriate number between 1 and 3.
                          Thu 12 November 2020 09:37:33 AM MST 
[DEBUG}   com.banking.app.main.BankingMain               You are logged out.                          Thu 12 November 2020 09:37:37 AM MST 
[INFO}   com.banking.app.main.util.BankingMenus               
                          Thu 12 November 2020 09:37:37 AM MST 
[INFO}   com.banking.app.main.util.BankingMenus               Main Menu:                          Thu 12 November 2020 09:37:37 AM MST 
[INFO}   com.banking.app.main.util.BankingMenus               ======================================                          Thu 12 November 2020 09:37:37 AM MST 
[INFO}   com.banking.app.main.util.BankingMenus               (1) New Customer?                          Thu 12 November 2020 09:37:37 AM MST 
[INFO}   com.banking.app.main.util.BankingMenus               (2) Customer Log-in                          Thu 12 November 2020 09:37:37 AM MST 
[INFO}   com.banking.app.main.util.BankingMenus               (3) Employee Log-in                          Thu 12 November 2020 09:37:37 AM MST 
[INFO}   com.banking.app.main.util.BankingMenus               (4) Exit                          Thu 12 November 2020 09:37:37 AM MST 
[INFO}   com.banking.app.main.util.BankingMenus               ======================================                          Thu 12 November 2020 09:37:37 AM MST 
[INFO}   com.banking.app.main.util.BankingMenus               Please be sure to enter an appropriate number between 1 and 4.
                          Thu 12 November 2020 09:37:37 AM MST 
[INFO}   com.banking.app.main.BankingMain               Thank you for banking with us. Have a great day!                          Thu 12 November 2020 09:37:53 AM MST 
